[16-Aug-2024 11:22:12 UTC] Automatic updates starting...
[16-Aug-2024 11:22:12 UTC] Automatic updates complete.
[16-Aug-2024 11:43:51 UTC] Ответ от API: Array
(
    [coord] => Array
        (
            [lon] => 33.1159
            [lat] => 48.6696
        )

    [weather] => Array
        (
            [0] => Array
                (
                    [id] => 802
                    [main] => Clouds
                    [description] => scattered clouds
                    [icon] => 03d
                )

        )

    [base] => stations
    [main] => Array
        (
            [temp] => 30.5
            [feels_like] => 28.69
            [temp_min] => 30.5
            [temp_max] => 30.5
            [pressure] => 1016
            [humidity] => 21
            [sea_level] => 1016
            [grnd_level] => 999
        )

    [visibility] => 10000
    [wind] => Array
        (
            [speed] => 4
            [deg] => 356
            [gust] => 4.21
        )

    [clouds] => Array
        (
            [all] => 31
        )

    [dt] => 1723808631
    [sys] => Array
        (
            [country] => UA
            [sunrise] => 1723776150
            [sunset] => 1723827680
        )

    [timezone] => 10800
    [id] => 698625
    [name] => Oleksandriya
    [cod] => 200
)

[16-Aug-2024 11:43:51 UTC] Ответ от API: Array
(
    [coord] => Array
        (
            [lon] => 30.5167
            [lat] => 50.4333
        )

    [weather] => Array
        (
            [0] => Array
                (
                    [id] => 804
                    [main] => Clouds
                    [description] => overcast clouds
                    [icon] => 04d
                )

        )

    [base] => stations
    [main] => Array
        (
            [temp] => 28.73
            [feels_like] => 28.6
            [temp_min] => 28.73
            [temp_max] => 29.25
            [pressure] => 1017
            [humidity] => 43
            [sea_level] => 1017
            [grnd_level] => 1001
        )

    [visibility] => 10000
    [wind] => Array
        (
            [speed] => 1.49
            [deg] => 29
            [gust] => 2.14
        )

    [clouds] => Array
        (
            [all] => 100
        )

    [dt] => 1723808040
    [sys] => Array
        (
            [type] => 2
            [id] => 2003742
            [country] => UA
            [sunrise] => 1723776506
            [sunset] => 1723828571
        )

    [timezone] => 10800
    [id] => 703448
    [name] => Kyiv
    [cod] => 200
)

[16-Aug-2024 11:43:51 UTC] Ответ от API: Array
(
    [coord] => Array
        (
            [lon] => 30.5167
            [lat] => 50.4333
        )

    [weather] => Array
        (
            [0] => Array
                (
                    [id] => 804
                    [main] => Clouds
                    [description] => overcast clouds
                    [icon] => 04d
                )

        )

    [base] => stations
    [main] => Array
        (
            [temp] => 28.73
            [feels_like] => 28.6
            [temp_min] => 28.73
            [temp_max] => 29.25
            [pressure] => 1017
            [humidity] => 43
            [sea_level] => 1017
            [grnd_level] => 1001
        )

    [visibility] => 10000
    [wind] => Array
        (
            [speed] => 1.49
            [deg] => 29
            [gust] => 2.14
        )

    [clouds] => Array
        (
            [all] => 100
        )

    [dt] => 1723808040
    [sys] => Array
        (
            [type] => 2
            [id] => 2003742
            [country] => UA
            [sunrise] => 1723776506
            [sunset] => 1723828571
        )

    [timezone] => 10800
    [id] => 703448
    [name] => Kyiv
    [cod] => 200
)

